current directory: /Users/sara/dev/DocuMenTor/docs/.bundle/ruby/3.1.0/gems/json-2.18.0/ext/json/ext/parser
/Users/sara/.rbenv/versions/3.1.4/bin/ruby -I /Users/sara/.rbenv/versions/3.1.4/lib/ruby/3.1.0 extconf.rb
checking for rb_enc_interned_str() in ruby/encoding.h... yes
checking for rb_str_to_interned_str() in ruby.h... yes
checking for rb_hash_new_capa() in ruby.h... no
checking for rb_hash_bulk_insert() in ruby.h... yes
checking for whether -std=c99 is accepted as CFLAGS... yes
checking for arm_neon.h... yes
checking for cpuid.h... no
creating Makefile

current directory: /Users/sara/dev/DocuMenTor/docs/.bundle/ruby/3.1.0/gems/json-2.18.0/ext/json/ext/parser
make DESTDIR\= sitearchdir\=./.gem.20260127-83555-3erqxq sitelibdir\=./.gem.20260127-83555-3erqxq clean

current directory: /Users/sara/dev/DocuMenTor/docs/.bundle/ruby/3.1.0/gems/json-2.18.0/ext/json/ext/parser
make DESTDIR\= sitearchdir\=./.gem.20260127-83555-3erqxq sitelibdir\=./.gem.20260127-83555-3erqxq
compiling parser.c
linking shared-object json/ext/parser.bundle
ld: warning: ignoring duplicate libraries: '-lruby.3.1'

current directory: /Users/sara/dev/DocuMenTor/docs/.bundle/ruby/3.1.0/gems/json-2.18.0/ext/json/ext/parser
make DESTDIR\= sitearchdir\=./.gem.20260127-83555-3erqxq sitelibdir\=./.gem.20260127-83555-3erqxq install
/usr/bin/install -c -m 0755 parser.bundle ./.gem.20260127-83555-3erqxq/json/ext
