current directory: /Users/sara/dev/DocuMenTor/docs/.bundle/ruby/3.1.0/gems/bigdecimal-4.0.1/ext/bigdecimal
/Users/sara/.rbenv/versions/3.1.4/bin/ruby -I /Users/sara/.rbenv/versions/3.1.4/lib/ruby/3.1.0 extconf.rb
checking for __builtin_clz()... yes
checking for __builtin_clzl()... yes
checking for __builtin_clzll()... yes
checking for float.h... yes
checking for math.h... yes
checking for stdbool.h... yes
checking for stdlib.h... yes
checking for x86intrin.h... no
checking for intrin.h... no
checking for ruby/atomic.h... yes
checking for ruby/internal/has/builtin.h... yes
checking for ruby/internal/static_assert.h... yes
checking for rb_complex_real() in ruby.h... yes
checking for rb_complex_imag() in ruby.h... yes
checking for rb_opts_exception_p() in ruby.h... yes
checking for rb_category_warn() in ruby.h... yes
checking for RB_WARN_CATEGORY_DEPRECATED in ruby.h... yes
creating Makefile

current directory: /Users/sara/dev/DocuMenTor/docs/.bundle/ruby/3.1.0/gems/bigdecimal-4.0.1/ext/bigdecimal
make DESTDIR\= sitearchdir\=./.gem.20260127-83555-e6mpvz sitelibdir\=./.gem.20260127-83555-e6mpvz clean

current directory: /Users/sara/dev/DocuMenTor/docs/.bundle/ruby/3.1.0/gems/bigdecimal-4.0.1/ext/bigdecimal
make DESTDIR\= sitearchdir\=./.gem.20260127-83555-e6mpvz sitelibdir\=./.gem.20260127-83555-e6mpvz
compiling bigdecimal.c
compiling missing.c
linking shared-object bigdecimal.bundle
ld: warning: ignoring duplicate libraries: '-lruby.3.1'

current directory: /Users/sara/dev/DocuMenTor/docs/.bundle/ruby/3.1.0/gems/bigdecimal-4.0.1/ext/bigdecimal
make DESTDIR\= sitearchdir\=./.gem.20260127-83555-e6mpvz sitelibdir\=./.gem.20260127-83555-e6mpvz install
/usr/bin/install -c -m 0755 bigdecimal.bundle ./.gem.20260127-83555-e6mpvz
